d:\code\visual studio 2013\projects\compositequantizationtraining\compositequantizationtraining\x64\release\compositequantizationtraining.pch
d:\code\visual studio 2013\projects\compositequantizationtraining\compositequantizationtraining\x64\release\vc120.pdb
d:\code\visual studio 2013\projects\compositequantizationtraining\compositequantizationtraining\x64\release\stdafx.obj
d:\code\visual studio 2013\projects\compositequantizationtraining\compositequantizationtraining\x64\release\searcher.obj
d:\code\visual studio 2013\projects\compositequantizationtraining\compositequantizationtraining\x64\release\productquantization.obj
d:\code\visual studio 2013\projects\compositequantizationtraining\compositequantizationtraining\x64\release\partitioningtree.obj
d:\code\visual studio 2013\projects\compositequantizationtraining\compositequantizationtraining\x64\release\cqparameters.obj
d:\code\visual studio 2013\projects\compositequantizationtraining\compositequantizationtraining\x64\release\kmeans.obj
d:\code\visual studio 2013\projects\compositequantizationtraining\compositequantizationtraining\x64\release\demo.obj
d:\code\visual studio 2013\projects\compositequantizationtraining\compositequantizationtraining\x64\release\compositequantization.obj
d:\code\visual studio 2013\projects\compositequantizationtraining\compositequantizationtraining\x64\release\noconstraintcompositequantization.obj
d:\code\visual studio 2013\projects\compositequantizationtraining\compositequantizationtraining\x64\release\clustercommon.obj
d:\code\visual studio 2013\projects\compositequantizationtraining\compositequantizationtraining\x64\release\cluster.obj
d:\code\visual studio 2013\projects\compositequantizationtraining\compositequantizationtraining\x64\release\closurecluster.obj
d:\code\visual studio 2013\projects\compositequantizationtraining\x64\release\compositequantizationtraining.exe
d:\code\visual studio 2013\projects\compositequantizationtraining\x64\release\compositequantizationtraining.pdb
d:\code\visual studio 2013\projects\compositequantizationtraining\compositequantizationtraining\x64\release\composit.a93c2d9f.tlog\cl.command.1.tlog
d:\code\visual studio 2013\projects\compositequantizationtraining\compositequantizationtraining\x64\release\composit.a93c2d9f.tlog\cl.read.1.tlog
d:\code\visual studio 2013\projects\compositequantizationtraining\compositequantizationtraining\x64\release\composit.a93c2d9f.tlog\cl.write.1.tlog
d:\code\visual studio 2013\projects\compositequantizationtraining\compositequantizationtraining\x64\release\composit.a93c2d9f.tlog\link.command.1.tlog
d:\code\visual studio 2013\projects\compositequantizationtraining\compositequantizationtraining\x64\release\composit.a93c2d9f.tlog\link.read.1.tlog
d:\code\visual studio 2013\projects\compositequantizationtraining\compositequantizationtraining\x64\release\composit.a93c2d9f.tlog\link.write.1.tlog
