d:\code\visual studio 2013\projects\compositequantizationtraining\compositequantizationtraining\x64\debug\compositequantizationtraining.pch
d:\code\visual studio 2013\projects\compositequantizationtraining\compositequantizationtraining\x64\debug\vc120.pdb
d:\code\visual studio 2013\projects\compositequantizationtraining\compositequantizationtraining\x64\debug\vc120.idb
d:\code\visual studio 2013\projects\compositequantizationtraining\compositequantizationtraining\x64\debug\stdafx.obj
d:\code\visual studio 2013\projects\compositequantizationtraining\compositequantizationtraining\x64\debug\closurecluster.obj
d:\code\visual studio 2013\projects\compositequantizationtraining\compositequantizationtraining\x64\debug\cluster.obj
d:\code\visual studio 2013\projects\compositequantizationtraining\compositequantizationtraining\x64\debug\clustercommon.obj
d:\code\visual studio 2013\projects\compositequantizationtraining\compositequantizationtraining\x64\debug\noconstraintcompositequantization.obj
d:\code\visual studio 2013\projects\compositequantizationtraining\compositequantizationtraining\x64\debug\compositequantization.obj
d:\code\visual studio 2013\projects\compositequantizationtraining\compositequantizationtraining\x64\debug\demo.obj
d:\code\visual studio 2013\projects\compositequantizationtraining\compositequantizationtraining\x64\debug\kmeans.obj
d:\code\visual studio 2013\projects\compositequantizationtraining\compositequantizationtraining\x64\debug\cqparameters.obj
d:\code\visual studio 2013\projects\compositequantizationtraining\compositequantizationtraining\x64\debug\partitioningtree.obj
d:\code\visual studio 2013\projects\compositequantizationtraining\compositequantizationtraining\x64\debug\productquantization.obj
d:\code\visual studio 2013\projects\compositequantizationtraining\compositequantizationtraining\x64\debug\searcher.obj
d:\code\visual studio 2013\projects\compositequantizationtraining\x64\debug\compositequantizationtraining.exe
d:\code\visual studio 2013\projects\compositequantizationtraining\x64\debug\compositequantizationtraining.pdb
d:\code\visual studio 2013\projects\compositequantizationtraining\compositequantizationtraining\x64\debug\composit.a93c2d9f.tlog\cl.command.1.tlog
d:\code\visual studio 2013\projects\compositequantizationtraining\compositequantizationtraining\x64\debug\composit.a93c2d9f.tlog\cl.read.1.tlog
d:\code\visual studio 2013\projects\compositequantizationtraining\compositequantizationtraining\x64\debug\composit.a93c2d9f.tlog\cl.write.1.tlog
d:\code\visual studio 2013\projects\compositequantizationtraining\compositequantizationtraining\x64\debug\composit.a93c2d9f.tlog\link.command.1.tlog
d:\code\visual studio 2013\projects\compositequantizationtraining\compositequantizationtraining\x64\debug\composit.a93c2d9f.tlog\link.read.1.tlog
d:\code\visual studio 2013\projects\compositequantizationtraining\compositequantizationtraining\x64\debug\composit.a93c2d9f.tlog\link.write.1.tlog
